<?xml version="1.0" encoding="UTF-8"?>
<!-- Generated by org.testng.reporters.JUnitReportReporter -->
<testsuite hostname="DESKTOP-GHDB9E9" failures="0" tests="1" name="com.hrm.testcases.HrmLogin" time="16.583" errors="0" timestamp="2022-11-24T12:16:08 IST" skipped="0">
  <testcase classname="com.hrm.testcases.HrmLogin" name="validAdminLogin" time="16.583"/>
  <system-out/>
</testsuite> <!-- com.hrm.testcases.HrmLogin -->
